<?xml version="1.0" encoding="UTF-8"?>
<!-- Generated by org.testng.reporters.JUnitReportReporter -->
<testsuite hostname="LAPTOP-ECSQ59QM" failures="0" tests="2" name="Com.trainingofweekend.softwaretestingproject1.NewTest4" time="7.466" errors="0" timestamp="2022-01-26T10:41:03 EST" skipped="0">
  <testcase classname="Com.trainingofweekend.softwaretestingproject1.NewTest4" name="Test1" time="5.173"/>
  <system-out/>
  <testcase classname="Com.trainingofweekend.softwaretestingproject1.NewTest4" name="Test2" time="2.293"/>
  <system-out/>
</testsuite> <!-- Com.trainingofweekend.softwaretestingproject1.NewTest4 -->
