<?xml version="1.0" encoding="UTF-8"?>
<!-- Generated by org.testng.reporters.JUnitReportReporter -->
<testsuite hostname="LAPTOP-ECSQ59QM" failures="0" tests="3" name="Com.trainingofweekend.softwaretestingproject1.NewTesttestng" time="12.037" errors="0" timestamp="2022-01-25T21:30:11 EST" skipped="0">
  <testcase classname="Com.trainingofweekend.softwaretestingproject1.NewTesttestng" name="f" time="4.013"/>
  <system-out/>
  <testcase classname="Com.trainingofweekend.softwaretestingproject1.NewTesttestng" name="Test2" time="4.008"/>
  <system-out/>
  <testcase classname="Com.trainingofweekend.softwaretestingproject1.NewTesttestng" name="Test3" time="4.016"/>
  <system-out/>
</testsuite> <!-- Com.trainingofweekend.softwaretestingproject1.NewTesttestng -->
