<?xml version="1.0" encoding="UTF-8"?>
<!-- Generated by org.testng.reporters.JUnitReportReporter -->
<testsuite hostname="LAPTOP-ECSQ59QM" failures="0" tests="2" name="Com.trainingofweekend.softwaretestingproject1.NewTest3" time="13.689" errors="0" timestamp="2022-01-27T15:34:09 EST" skipped="0">
  <testcase classname="Com.trainingofweekend.softwaretestingproject1.NewTest3" name="test1" time="5.206"/>
  <system-out/>
  <testcase classname="Com.trainingofweekend.softwaretestingproject1.NewTest3" name="test2" time="8.483"/>
  <system-out/>
</testsuite> <!-- Com.trainingofweekend.softwaretestingproject1.NewTest3 -->
