<?xml version="1.0" encoding="UTF-8"?>
<!-- Generated by org.testng.reporters.JUnitReportReporter -->
<testsuite hostname="LAPTOP-ECSQ59QM" failures="0" tests="3" name="Com.trainingofweekend.softwaretestingproject1.NewTestng5" time="0.009" errors="0" timestamp="2022-01-27T15:33:08 EST" skipped="0">
  <testcase classname="Com.trainingofweekend.softwaretestingproject1.NewTestng5" name="test3" time="0.001"/>
  <system-out/>
  <testcase classname="Com.trainingofweekend.softwaretestingproject1.NewTestng5" name="test1" time="0.007"/>
  <system-out/>
  <testcase classname="Com.trainingofweekend.softwaretestingproject1.NewTestng5" name="test2" time="0.001"/>
  <system-out/>
</testsuite> <!-- Com.trainingofweekend.softwaretestingproject1.NewTestng5 -->
